Using pre-set license
Built from '2021.3/staging' branch; Version is '2021.3.22f1 (b6c551784ba3) revision 11978065'; Using compiler version '192829333'; Build Type 'Release'
OS: 'Windows 11  (10.0.22000) 64bit Professional' Language: 'ru' Physical Memory: 15833 MB
BatchMode: 1, IsHumanControllingUs: 0, StartBugReporterOnCrash: 0, Is64bit: 1, IsPro: 1

COMMAND LINE ARGUMENTS:
C:\Program Files\Unity\Hub\Editor\2021.3.22f1\Editor\Unity.exe
-adb2
-batchMode
-noUpm
-name
AssetImportWorker0
-projectPath
C:/Users/admins/Documents/Test_task_for_Teletower/ProjectName
-logFile
Logs/AssetImportWorker0.log
-srvPort
57010
Successfully changed project path to: C:/Users/admins/Documents/Test_task_for_Teletower/ProjectName
C:/Users/admins/Documents/Test_task_for_Teletower/ProjectName
[UnityMemory] Configuration Parameters - Can be set up in boot.config
    "memorysetup-bucket-allocator-granularity=16"
    "memorysetup-bucket-allocator-bucket-count=8"
    "memorysetup-bucket-allocator-block-size=33554432"
    "memorysetup-bucket-allocator-block-count=8"
    "memorysetup-main-allocator-block-size=16777216"
    "memorysetup-thread-allocator-block-size=16777216"
    "memorysetup-gfx-main-allocator-block-size=16777216"
    "memorysetup-gfx-thread-allocator-block-size=16777216"
    "memorysetup-cache-allocator-block-size=4194304"
    "memorysetup-typetree-allocator-block-size=2097152"
    "memorysetup-profiler-bucket-allocator-granularity=16"
    "memorysetup-profiler-bucket-allocator-bucket-count=8"
    "memorysetup-profiler-bucket-allocator-block-size=33554432"
    "memorysetup-profiler-bucket-allocator-block-count=8"
    "memorysetup-profiler-allocator-block-size=16777216"
    "memorysetup-profiler-editor-allocator-block-size=1048576"
    "memorysetup-temp-allocator-size-main=16777216"
    "memorysetup-job-temp-allocator-block-size=2097152"
    "memorysetup-job-temp-allocator-block-size-background=1048576"
    "memorysetup-job-temp-allocator-reduction-small-platforms=262144"
    "memorysetup-temp-allocator-size-background-worker=32768"
    "memorysetup-temp-allocator-size-job-worker=262144"
    "memorysetup-temp-allocator-size-preload-manager=33554432"
    "memorysetup-temp-allocator-size-nav-mesh-worker=65536"
    "memorysetup-temp-allocator-size-audio-worker=65536"
    "memorysetup-temp-allocator-size-cloud-worker=32768"
    "memorysetup-temp-allocator-size-gi-baking-worker=262144"
    "memorysetup-temp-allocator-size-gfx=262144"
Player connection [15276] Host "[IP] 192.168.0.103 [Port] 0 [Flags] 2 [Guid] 2850709148 [EditorId] 2850709148 [Version] 1048832 [Id] WindowsEditor(7,admin) [Debug] 1 [PackageName] WindowsEditor [ProjectName] Editor" joined multi-casting on [225.0.0.222:54997]...

Player connection [15276] Host "[IP] 192.168.0.103 [Port] 0 [Flags] 2 [Guid] 2850709148 [EditorId] 2850709148 [Version] 1048832 [Id] WindowsEditor(7,admin) [Debug] 1 [PackageName] WindowsEditor [ProjectName] Editor" joined alternative multi-casting on [225.0.0.222:34997]...

Refreshing native plugins compatible for Editor in 95.75 ms, found 3 plugins.
Preloading 0 native plugins for Editor in 0.00 ms.
Initialize engine version: 2021.3.22f1 (b6c551784ba3)
[Subsystems] Discovering subsystems at path C:/Program Files/Unity/Hub/Editor/2021.3.22f1/Editor/Data/Resources/UnitySubsystems
[Subsystems] Discovering subsystems at path C:/Users/admins/Documents/Test_task_for_Teletower/ProjectName/Assets
GfxDevice: creating device client; threaded=0; jobified=0
Direct3D:
    Version:  Direct3D 11.0 [level 11.1]
    Renderer: Radeon RX 580 Series (ID=0x67df)
    Vendor:   ATI
    VRAM:     4074 MB
    Driver:   31.0.12027.9001
Initialize mono
Mono path[0] = 'C:/Program Files/Unity/Hub/Editor/2021.3.22f1/Editor/Data/Managed'
Mono path[1] = 'C:/Program Files/Unity/Hub/Editor/2021.3.22f1/Editor/Data/MonoBleedingEdge/lib/mono/unityjit-win32'
Mono config path = 'C:/Program Files/Unity/Hub/Editor/2021.3.22f1/Editor/Data/MonoBleedingEdge/etc'
Using monoOptions --debugger-agent=transport=dt_socket,embedding=1,server=y,suspend=n,address=127.0.0.1:56740
Begin MonoManager ReloadAssembly
Registering precompiled unity dll's ...
Register platform support module: C:/Program Files/Unity/Hub/Editor/2021.3.22f1/Editor/Data/PlaybackEngines/WindowsStandaloneSupport/UnityEditor.WindowsStandalone.Extensions.dll
Registered in 0.008277 seconds.
Native extension for WindowsStandalone target not found
Refreshing native plugins compatible for Editor in 118.94 ms, found 3 plugins.
Preloading 0 native plugins for Editor in 0.00 ms.
Mono: successfully reloaded assembly
- Completed reload, in  0.949 seconds
Domain Reload Profiling:
	ReloadAssembly (949ms)
		BeginReloadAssembly (121ms)
			ExecutionOrderSort (0ms)
			DisableScriptedObjects (0ms)
			BackupInstance (0ms)
			ReleaseScriptingObjects (0ms)
			CreateAndSetChildDomain (1ms)
		EndReloadAssembly (638ms)
			LoadAssemblies (118ms)
			RebuildTransferFunctionScriptingTraits (0ms)
			SetupTypeCache (160ms)
			ReleaseScriptCaches (0ms)
			RebuildScriptCaches (38ms)
			SetupLoadedEditorAssemblies (359ms)
				LogAssemblyErrors (0ms)
				InitializePlatformSupportModulesInManaged (10ms)
				SetLoadedEditorAssemblies (0ms)
				RefreshPlugins (119ms)
				BeforeProcessingInitializeOnLoad (2ms)
				ProcessInitializeOnLoadAttributes (166ms)
				ProcessInitializeOnLoadMethodAttributes (61ms)
				AfterProcessingInitializeOnLoad (0ms)
				EditorAssembliesLoaded (0ms)
			ExecutionOrderSort2 (0ms)
			AwakeInstancesAfterBackupRestoration (0ms)
Platform modules already initialized, skipping
Registering precompiled user dll's ...
Registered in 0.007484 seconds.
Begin MonoManager ReloadAssembly
Symbol file LoadedFromMemory doesn't match image C:\Users\admins\Documents\Test_task_for_Teletower\ProjectName\Library\PackageCache\com.unity.visualscripting@1.8.0\Editor\VisualScripting.Core\Dependencies\YamlDotNet\Unity.VisualScripting.YamlDotNet.dll
Symbol file LoadedFromMemory doesn't match image C:\Users\admins\Documents\Test_task_for_Teletower\ProjectName\Library\PackageCache\com.unity.visualscripting@1.8.0\Editor\VisualScripting.Core\Dependencies\DotNetZip\Unity.VisualScripting.IonicZip.dll
Native extension for WindowsStandalone target not found
Refreshing native plugins compatible for Editor in 0.97 ms, found 3 plugins.
Preloading 0 native plugins for Editor in 0.00 ms.
Mono: successfully reloaded assembly
- Completed reload, in  1.624 seconds
Domain Reload Profiling:
	ReloadAssembly (1626ms)
		BeginReloadAssembly (173ms)
			ExecutionOrderSort (0ms)
			DisableScriptedObjects (11ms)
			BackupInstance (0ms)
			ReleaseScriptingObjects (0ms)
			CreateAndSetChildDomain (28ms)
		EndReloadAssembly (1292ms)
			LoadAssemblies (119ms)
			RebuildTransferFunctionScriptingTraits (0ms)
			SetupTypeCache (330ms)
			ReleaseScriptCaches (1ms)
			RebuildScriptCaches (70ms)
			SetupLoadedEditorAssemblies (725ms)
				LogAssemblyErrors (0ms)
				InitializePlatformSupportModulesInManaged (9ms)
				SetLoadedEditorAssemblies (1ms)
				RefreshPlugins (1ms)
				BeforeProcessingInitializeOnLoad (112ms)
				ProcessInitializeOnLoadAttributes (566ms)
				ProcessInitializeOnLoadMethodAttributes (25ms)
				AfterProcessingInitializeOnLoad (12ms)
				EditorAssembliesLoaded (0ms)
			ExecutionOrderSort2 (0ms)
			AwakeInstancesAfterBackupRestoration (9ms)
Platform modules already initialized, skipping
========================================================================
Worker process is ready to serve import requests
Launched and connected shader compiler UnityShaderCompiler.exe after 0.05 seconds
Refreshing native plugins compatible for Editor in 0.64 ms, found 3 plugins.
Preloading 0 native plugins for Editor in 0.00 ms.
Unloading 3048 Unused Serialized files (Serialized files now loaded: 0)
Unloading 24 unused Assets / (113.4 KB). Loaded Objects now: 3509.
Memory consumption went from 107.7 MB to 107.6 MB.
Total: 7.048500 ms (FindLiveObjects: 0.567600 ms CreateObjectMapping: 0.568200 ms MarkObjects: 5.726800 ms  DeleteObjects: 0.183900 ms)

AssetImportParameters requested are different than current active one (requested -> active):
  custom:video-decoder-ogg-theora: a1e56fd34408186e4bbccfd4996cb3dc -> 
  custom:container-muxer-webm: aa71ff27fc2769a1b78a27578f13a17b -> 
  custom:container-demuxer-webm: 4f35f7cbe854078d1ac9338744f61a02 -> 
  custom:video-encoder-webm-vp8: eb34c28f22e8b96e1ab97ce403110664 -> 
  custom:audio-encoder-webm-vorbis: bf7c407c2cedff20999df2af8eb42d56 -> 
  custom:framework-win-MediaFoundation: 216162199b28c13a410421893ffa2e32 -> 
  custom:container-demuxer-ogg: 62fdf1f143b41e24485cea50d1cbac27 -> 
  custom:video-decoder-webm-vp8: 9c59270c3fd7afecdb556c50c9e8de78 -> 
  custom:audio-decoder-ogg-vorbis: bf7c407c2cedff20999df2af8eb42d56 -> 
========================================================================
Received Import Request.
  Time since last request: 1742274.942317 seconds.
  path: Assets/Kevin Iglesias/Basic Motions
  artifactKey: Guid(2cb279c410b7a3e4dbf4aab42283effa) Importer(815301076,1909f56bfc062723c751e8b465ee728b)
Start importing Assets/Kevin Iglesias/Basic Motions using Guid(2cb279c410b7a3e4dbf4aab42283effa) Importer(815301076,1909f56bfc062723c751e8b465ee728b)  -> (artifact id: 'c0c17348febb5cfb9d0c3e75032ab964') in 0.019497 seconds 
========================================================================
Received Import Request.
  Time since last request: 0.000043 seconds.
  path: Assets/Kevin Iglesias/Basic Motions/AnimationControllers
  artifactKey: Guid(2772e80ca8ca2eb438c6fad54e343aca) Importer(815301076,1909f56bfc062723c751e8b465ee728b)
Start importing Assets/Kevin Iglesias/Basic Motions/AnimationControllers using Guid(2772e80ca8ca2eb438c6fad54e343aca) Importer(815301076,1909f56bfc062723c751e8b465ee728b)  -> (artifact id: '7faa77f2b2b8c13a2832f7dbc2f0f8cc') in 0.013489 seconds 
========================================================================
Received Import Request.
  Time since last request: 3.572634 seconds.
  path: Assets/Kevin Iglesias/Basic Motions/Animations
  artifactKey: Guid(7eb11f9df068c2b45bc52cfc0d6e3f25) Importer(815301076,1909f56bfc062723c751e8b465ee728b)
Start importing Assets/Kevin Iglesias/Basic Motions/Animations using Guid(7eb11f9df068c2b45bc52cfc0d6e3f25) Importer(815301076,1909f56bfc062723c751e8b465ee728b)  -> (artifact id: '4f676254c8e8b80f05cb8c6ee563b310') in 0.011468 seconds 
========================================================================
Received Import Request.
  Time since last request: 1.817989 seconds.
  path: Assets/Kevin Iglesias/Basic Motions/Animations/Idles
  artifactKey: Guid(99b531c8964d97245a8f67495e2a1a95) Importer(815301076,1909f56bfc062723c751e8b465ee728b)
Start importing Assets/Kevin Iglesias/Basic Motions/Animations/Idles using Guid(99b531c8964d97245a8f67495e2a1a95) Importer(815301076,1909f56bfc062723c751e8b465ee728b)  -> (artifact id: 'e4dcc9bf92689729b7623f73fb062a9f') in 0.015946 seconds 
========================================================================
Received Import Request.
  Time since last request: 0.062442 seconds.
  path: Assets/Kevin Iglesias/Basic Motions/Animations/Idles/BasicMotions@Idle01.fbx
  artifactKey: Guid(a3422ad278cd9a94aa3da8e6bff9deea) Importer(815301076,1909f56bfc062723c751e8b465ee728b)
Start importing Assets/Kevin Iglesias/Basic Motions/Animations/Idles/BasicMotions@Idle01.fbx using Guid(a3422ad278cd9a94aa3da8e6bff9deea) Importer(815301076,1909f56bfc062723c751e8b465ee728b)  -> (artifact id: 'adaae9a349f691cb2058d1bf35ac3888') in 0.086590 seconds 
========================================================================
Received Import Request.
  Time since last request: 41.896894 seconds.
  path: Assets/Kevin Iglesias/Basic Motions/Animations/Social
  artifactKey: Guid(4750d68c14a1ffa42abd22e5d906df35) Importer(815301076,1909f56bfc062723c751e8b465ee728b)
Start importing Assets/Kevin Iglesias/Basic Motions/Animations/Social using Guid(4750d68c14a1ffa42abd22e5d906df35) Importer(815301076,1909f56bfc062723c751e8b465ee728b)  -> (artifact id: 'fd9eefc224bad78047241d104370aff2') in 0.010318 seconds 
========================================================================
Received Import Request.
  Time since last request: 1.048395 seconds.
  path: Assets/Kevin Iglesias/Basic Motions/Animations/Social/Conversation
  artifactKey: Guid(a50fa9d58102d31468d7330363fc98a0) Importer(815301076,1909f56bfc062723c751e8b465ee728b)
Start importing Assets/Kevin Iglesias/Basic Motions/Animations/Social/Conversation using Guid(a50fa9d58102d31468d7330363fc98a0) Importer(815301076,1909f56bfc062723c751e8b465ee728b)  -> (artifact id: '40e667eb3ad0ab6444bc971774fd0baa') in 0.282409 seconds 
========================================================================
Received Import Request.
  Time since last request: 144.615980 seconds.
  path: Assets
  artifactKey: Guid(00000000000000001000000000000000) Importer(815301076,1909f56bfc062723c751e8b465ee728b)
Start importing Assets using Guid(00000000000000001000000000000000) Importer(815301076,1909f56bfc062723c751e8b465ee728b)  -> (artifact id: '79842766b460edbeab6a34051e857a80') in 0.011518 seconds 
========================================================================
Received Import Request.
  Time since last request: 39.901423 seconds.
  path: Assets/New Animator Controller.controller
  artifactKey: Guid(d0273e059ec42ff49b116628a4235b6a) Importer(815301076,1909f56bfc062723c751e8b465ee728b)
Start importing Assets/New Animator Controller.controller using Guid(d0273e059ec42ff49b116628a4235b6a) Importer(815301076,1909f56bfc062723c751e8b465ee728b)  -> (artifact id: '890627f777ba53d5ec489906c6d8a24e') in 0.017003 seconds 
========================================================================
Received Import Request.
  Time since last request: 29.728151 seconds.
  path: Assets/AnimControl.controller
  artifactKey: Guid(f5bdf7b1d201c9a43bdba1ec62626815) Importer(815301076,1909f56bfc062723c751e8b465ee728b)
Start importing Assets/AnimControl.controller using Guid(f5bdf7b1d201c9a43bdba1ec62626815) Importer(815301076,1909f56bfc062723c751e8b465ee728b)  -> (artifact id: '99ab8c6aafc477234be2338dbd3fb57b') in 0.013956 seconds 
========================================================================
Received Import Request.
  Time since last request: 44.895298 seconds.
  path: Assets/Kevin Iglesias/Basic Motions/Animations/Movement
  artifactKey: Guid(162d3c986ae81044b8e9de5caae05de1) Importer(815301076,1909f56bfc062723c751e8b465ee728b)
Start importing Assets/Kevin Iglesias/Basic Motions/Animations/Movement using Guid(162d3c986ae81044b8e9de5caae05de1) Importer(815301076,1909f56bfc062723c751e8b465ee728b)  -> (artifact id: 'df37749e8334ca9fc0008f0d72c63dfc') in 0.012863 seconds 
========================================================================
Received Import Request.
  Time since last request: 0.000029 seconds.
  path: Assets/Kevin Iglesias/Basic Motions/Animations/Movement/BasicMotions@Walk01.fbx
  artifactKey: Guid(bd1c2e9064da28e4fb0fe4a3f6ff4e33) Importer(815301076,1909f56bfc062723c751e8b465ee728b)
Start importing Assets/Kevin Iglesias/Basic Motions/Animations/Movement/BasicMotions@Walk01.fbx using Guid(bd1c2e9064da28e4fb0fe4a3f6ff4e33) Importer(815301076,1909f56bfc062723c751e8b465ee728b)  -> (artifact id: '987ac7f6a71805d1f1d7ed3fc38a5983') in 0.018440 seconds 
========================================================================
Received Import Request.
  Time since last request: 0.000042 seconds.
  path: Assets/Kevin Iglesias/Basic Motions/Animations/Movement/BasicMotions@Run01.fbx
  artifactKey: Guid(154a724602422044c91070a5f3c67c11) Importer(815301076,1909f56bfc062723c751e8b465ee728b)
Start importing Assets/Kevin Iglesias/Basic Motions/Animations/Movement/BasicMotions@Run01.fbx using Guid(154a724602422044c91070a5f3c67c11) Importer(815301076,1909f56bfc062723c751e8b465ee728b)  -> (artifact id: 'c84158b7aadb013256cb9fe718ab23ad') in 0.021969 seconds 
========================================================================
Received Import Request.
  Time since last request: 0.000023 seconds.
  path: Assets/Kevin Iglesias/Basic Motions/Animations/Movement/BasicMotions@Sprint01.fbx
  artifactKey: Guid(7eebd174ff53112419b27f9d903573d7) Importer(815301076,1909f56bfc062723c751e8b465ee728b)
Start importing Assets/Kevin Iglesias/Basic Motions/Animations/Movement/BasicMotions@Sprint01.fbx using Guid(7eebd174ff53112419b27f9d903573d7) Importer(815301076,1909f56bfc062723c751e8b465ee728b)  -> (artifact id: '403df009a412db16b462f0db8192d14d') in 0.016231 seconds 
========================================================================
Received Import Request.
  Time since last request: 681.863191 seconds.
  path: Assets/PolygonCity/Materials/PolygonCity_Glass_Mat.mat
  artifactKey: Guid(c29d9dff2056b1543bbb70ec32427a62) Importer(815301076,1909f56bfc062723c751e8b465ee728b)
Start importing Assets/PolygonCity/Materials/PolygonCity_Glass_Mat.mat using Guid(c29d9dff2056b1543bbb70ec32427a62) Importer(815301076,1909f56bfc062723c751e8b465ee728b)  -> (artifact id: '0fdc7314f586f04c920a57d131d1f450') in 0.284409 seconds 
========================================================================
Received Import Request.
  Time since last request: 0.000027 seconds.
  path: Assets/PolygonCity/Materials/PolygonCity_Mat_01_B.mat
  artifactKey: Guid(a8e32d2cd442e564aa46c99f0ae7c0c8) Importer(815301076,1909f56bfc062723c751e8b465ee728b)
Start importing Assets/PolygonCity/Materials/PolygonCity_Mat_01_B.mat using Guid(a8e32d2cd442e564aa46c99f0ae7c0c8) Importer(815301076,1909f56bfc062723c751e8b465ee728b)  -> (artifact id: 'b4e142cd0939e129008d7fb76cf0d5b2') in 0.035164 seconds 
========================================================================
Received Import Request.
  Time since last request: 0.000031 seconds.
  path: Assets/PolygonCity/Materials/PolygonCity_Mat_03_B.mat
  artifactKey: Guid(ae4870cba172f524491e4431ce936a9d) Importer(815301076,1909f56bfc062723c751e8b465ee728b)
Start importing Assets/PolygonCity/Materials/PolygonCity_Mat_03_B.mat using Guid(ae4870cba172f524491e4431ce936a9d) Importer(815301076,1909f56bfc062723c751e8b465ee728b)  -> (artifact id: '7b4dc992694d971ff9103713cd2fd858') in 0.023729 seconds 
========================================================================
Received Import Request.
  Time since last request: 0.000029 seconds.
  path: Assets/PolygonCity/Materials/PolygonCity_Mat_03_A.mat
  artifactKey: Guid(97942cb5527e6f24eb8b8f5c86f8744d) Importer(815301076,1909f56bfc062723c751e8b465ee728b)
Start importing Assets/PolygonCity/Materials/PolygonCity_Mat_03_A.mat using Guid(97942cb5527e6f24eb8b8f5c86f8744d) Importer(815301076,1909f56bfc062723c751e8b465ee728b)  -> (artifact id: 'e8f32e97de127f074e4a6e73f007b410') in 0.031783 seconds 
========================================================================
Received Import Request.
  Time since last request: 0.000025 seconds.
  path: Assets/PolygonCity/Materials/PolygonCity_Mat_02_B.mat
  artifactKey: Guid(ee26ded8aeae32044836748251f93891) Importer(815301076,1909f56bfc062723c751e8b465ee728b)
Start importing Assets/PolygonCity/Materials/PolygonCity_Mat_02_B.mat using Guid(ee26ded8aeae32044836748251f93891) Importer(815301076,1909f56bfc062723c751e8b465ee728b)  -> (artifact id: '02bda66a84451f1715eb651e6c7ffba6') in 0.024963 seconds 
========================================================================
Received Import Request.
  Time since last request: 0.000073 seconds.
  path: Assets/PolygonCity/Materials/PolygonCity_Mat_02_C.mat
  artifactKey: Guid(f145fd98abc7a354f83c3a2e8df80a75) Importer(815301076,1909f56bfc062723c751e8b465ee728b)
Start importing Assets/PolygonCity/Materials/PolygonCity_Mat_02_C.mat using Guid(f145fd98abc7a354f83c3a2e8df80a75) Importer(815301076,1909f56bfc062723c751e8b465ee728b)  -> (artifact id: '90128975799b8fb3ad1324748edf8f6e') in 0.027257 seconds 
========================================================================
Received Import Request.
  Time since last request: 0.000030 seconds.
  path: Assets/PolygonCity/Materials/PolygonCity_Mat_01_C.mat
  artifactKey: Guid(c01b7c8cb1175b54aab24b670c2d58dd) Importer(815301076,1909f56bfc062723c751e8b465ee728b)
Start importing Assets/PolygonCity/Materials/PolygonCity_Mat_01_C.mat using Guid(c01b7c8cb1175b54aab24b670c2d58dd) Importer(815301076,1909f56bfc062723c751e8b465ee728b)  -> (artifact id: 'dcb03ff33136da7a3943c88d738abe83') in 0.027511 seconds 
========================================================================
Received Import Request.
  Time since last request: 0.000021 seconds.
  path: Assets/PolygonCity/Materials/PolygonCity_Mat_04_A.mat
  artifactKey: Guid(ee5d59fcc8497a641905c26644c20880) Importer(815301076,1909f56bfc062723c751e8b465ee728b)
Start importing Assets/PolygonCity/Materials/PolygonCity_Mat_04_A.mat using Guid(ee5d59fcc8497a641905c26644c20880) Importer(815301076,1909f56bfc062723c751e8b465ee728b)  -> (artifact id: '151b27571f2115a7b03c366d3a08fedc') in 0.031236 seconds 
========================================================================
Received Import Request.
  Time since last request: 0.000026 seconds.
  path: Assets/PolygonCity/Materials/PolygonCity_Mat_01_A.mat
  artifactKey: Guid(62e25ef75a2216f418d06453c9ad15cb) Importer(815301076,1909f56bfc062723c751e8b465ee728b)
Start importing Assets/PolygonCity/Materials/PolygonCity_Mat_01_A.mat using Guid(62e25ef75a2216f418d06453c9ad15cb) Importer(815301076,1909f56bfc062723c751e8b465ee728b)  -> (artifact id: '4a348e82b3a63679cf1340504f817a86') in 0.030935 seconds 
========================================================================
Received Import Request.
  Time since last request: 0.000024 seconds.
  path: Assets/PolygonCity/Materials/PolygonCity_Mat_04_B.mat
  artifactKey: Guid(912f300affe60c543ac3ac40ef980902) Importer(815301076,1909f56bfc062723c751e8b465ee728b)
Start importing Assets/PolygonCity/Materials/PolygonCity_Mat_04_B.mat using Guid(912f300affe60c543ac3ac40ef980902) Importer(815301076,1909f56bfc062723c751e8b465ee728b)  -> (artifact id: '67ef7301a89f46fef6a6064e6a8dc4cc') in 0.027239 seconds 
========================================================================
Received Import Request.
  Time since last request: 234.921503 seconds.
  path: Assets/Scenes/TestScene/LightingData.asset
  artifactKey: Guid(342c6ac66bcdbe640887d8bbd4081aff) Importer(815301076,1909f56bfc062723c751e8b465ee728b)
Start importing Assets/Scenes/TestScene/LightingData.asset using Guid(342c6ac66bcdbe640887d8bbd4081aff) Importer(815301076,1909f56bfc062723c751e8b465ee728b)  -> (artifact id: '42b683354cd4288ed09deaf1b70618ed') in 0.014335 seconds 
========================================================================
Received Import Request.
  Time since last request: 0.000026 seconds.
  path: Assets/Scenes/TestScene/Lightmap-15_comp_light.exr
  artifactKey: Guid(6b2e7738be8369b45a05245f04afece7) Importer(815301076,1909f56bfc062723c751e8b465ee728b)
Start importing Assets/Scenes/TestScene/Lightmap-15_comp_light.exr using Guid(6b2e7738be8369b45a05245f04afece7) Importer(815301076,1909f56bfc062723c751e8b465ee728b)  -> (artifact id: '9fc6a26cbf81c1b23cbb446af3daa93d') in 0.432081 seconds 
========================================================================
Received Import Request.
  Time since last request: 0.000025 seconds.
  path: Assets/Scenes/TestScene/Lightmap-18_comp_light.exr
  artifactKey: Guid(fd278549a561fba4f826de5ab14a274d) Importer(815301076,1909f56bfc062723c751e8b465ee728b)
Start importing Assets/Scenes/TestScene/Lightmap-18_comp_light.exr using Guid(fd278549a561fba4f826de5ab14a274d) Importer(815301076,1909f56bfc062723c751e8b465ee728b)  -> (artifact id: '648d1adb6d6a607320393e4254ee6778') in 0.138713 seconds 
========================================================================
Received Import Request.
  Time since last request: 0.000043 seconds.
  path: Assets/Scenes/TestScene/Lightmap-9_comp_light.exr
  artifactKey: Guid(828b866bf579cc14293ced9603484896) Importer(815301076,1909f56bfc062723c751e8b465ee728b)
Start importing Assets/Scenes/TestScene/Lightmap-9_comp_light.exr using Guid(828b866bf579cc14293ced9603484896) Importer(815301076,1909f56bfc062723c751e8b465ee728b)  -> (artifact id: 'ddc0573581c75e1f7683b0193cd91f12') in 0.253411 seconds 
========================================================================
Received Import Request.
  Time since last request: 0.000024 seconds.
  path: Assets/Scenes/TestScene/Lightmap-14_comp_light.exr
  artifactKey: Guid(98c693402315e5e45bf9f93820fe049b) Importer(815301076,1909f56bfc062723c751e8b465ee728b)
Start importing Assets/Scenes/TestScene/Lightmap-14_comp_light.exr using Guid(98c693402315e5e45bf9f93820fe049b) Importer(815301076,1909f56bfc062723c751e8b465ee728b)  -> (artifact id: 'f6c893a06709a05e5cfbe69dc839f410') in 0.222731 seconds 
========================================================================
Received Import Request.
  Time since last request: 0.000040 seconds.
  path: Assets/Scenes/TestScene/Lightmap-17_comp_light.exr
  artifactKey: Guid(507f79cb7afc47248bbbc1a4ca73bcea) Importer(815301076,1909f56bfc062723c751e8b465ee728b)
Start importing Assets/Scenes/TestScene/Lightmap-17_comp_light.exr using Guid(507f79cb7afc47248bbbc1a4ca73bcea) Importer(815301076,1909f56bfc062723c751e8b465ee728b)  -> (artifact id: 'f603bc38254b224d0a197567c63f637b') in 0.133411 seconds 
========================================================================
Received Import Request.
  Time since last request: 0.000025 seconds.
  path: Assets/Scenes/TestScene/Lightmap-20_comp_light.exr
  artifactKey: Guid(be6e94a0ca8a0f143abc5728c1599ccc) Importer(815301076,1909f56bfc062723c751e8b465ee728b)
Start importing Assets/Scenes/TestScene/Lightmap-20_comp_light.exr using Guid(be6e94a0ca8a0f143abc5728c1599ccc) Importer(815301076,1909f56bfc062723c751e8b465ee728b)  -> (artifact id: '8d8d6435e0d8c6749593d2eb9275f7ab') in 0.146103 seconds 
========================================================================
Received Import Request.
  Time since last request: 0.000031 seconds.
  path: Assets/Scenes/TestScene/Lightmap-14_comp_dir.png
  artifactKey: Guid(608dc77e49f6433418e203141470f064) Importer(815301076,1909f56bfc062723c751e8b465ee728b)
Start importing Assets/Scenes/TestScene/Lightmap-14_comp_dir.png using Guid(608dc77e49f6433418e203141470f064) Importer(815301076,1909f56bfc062723c751e8b465ee728b)  -> (artifact id: '3b711b9b100e6a554ad3f6eebc201466') in 0.224726 seconds 
========================================================================
Received Import Request.
  Time since last request: 0.000030 seconds.
  path: Assets/Scenes/TestScene/NavMesh.asset
  artifactKey: Guid(60c6d1545b8dd4545b8f31d70c531042) Importer(815301076,1909f56bfc062723c751e8b465ee728b)
Start importing Assets/Scenes/TestScene/NavMesh.asset using Guid(60c6d1545b8dd4545b8f31d70c531042) Importer(815301076,1909f56bfc062723c751e8b465ee728b)  -> (artifact id: 'f9e525ec50ccdeea32a324d28e36a7d1') in 0.015759 seconds 
========================================================================
Received Import Request.
  Time since last request: 0.000033 seconds.
  path: Assets/Scenes/TestScene/Lightmap-6_comp_dir.png
  artifactKey: Guid(b222e1ef729031948b4c12a5998108ab) Importer(815301076,1909f56bfc062723c751e8b465ee728b)
Start importing Assets/Scenes/TestScene/Lightmap-6_comp_dir.png using Guid(b222e1ef729031948b4c12a5998108ab) Importer(815301076,1909f56bfc062723c751e8b465ee728b)  -> (artifact id: '918cc390c699adb3f6a89529711c83dd') in 0.202631 seconds 
========================================================================
Received Import Request.
  Time since last request: 0.000029 seconds.
  path: Assets/Scenes/TestScene/Lightmap-12_comp_dir.png
  artifactKey: Guid(7da06977bcc42bf4fa51985c3a36fe31) Importer(815301076,1909f56bfc062723c751e8b465ee728b)
Start importing Assets/Scenes/TestScene/Lightmap-12_comp_dir.png using Guid(7da06977bcc42bf4fa51985c3a36fe31) Importer(815301076,1909f56bfc062723c751e8b465ee728b)  -> (artifact id: 'f6954a8c6f0dc753af11d42e3fa854c1') in 0.301924 seconds 
========================================================================
Received Import Request.
  Time since last request: 0.000035 seconds.
  path: Assets/Scenes/TestScene/Lightmap-19_comp_dir.png
  artifactKey: Guid(dce6758ecf3ecca49a25eedb98dc1e1d) Importer(815301076,1909f56bfc062723c751e8b465ee728b)
Start importing Assets/Scenes/TestScene/Lightmap-19_comp_dir.png using Guid(dce6758ecf3ecca49a25eedb98dc1e1d) Importer(815301076,1909f56bfc062723c751e8b465ee728b)  -> (artifact id: '69efb5427e1407e85c8dbcd559faa70a') in 0.172016 seconds 
========================================================================
Received Import Request.
  Time since last request: 0.000023 seconds.
  path: Assets/Scenes/TestScene/Lightmap-15_comp_dir.png
  artifactKey: Guid(561be23774f1b1a44a4537610a978ffe) Importer(815301076,1909f56bfc062723c751e8b465ee728b)
Start importing Assets/Scenes/TestScene/Lightmap-15_comp_dir.png using Guid(561be23774f1b1a44a4537610a978ffe) Importer(815301076,1909f56bfc062723c751e8b465ee728b)  -> (artifact id: '0c19425b1a747488ddbdeba9ad26e91c') in 0.166799 seconds 
========================================================================
Received Import Request.
  Time since last request: 0.000030 seconds.
  path: Assets/Scenes/TestScene/Lightmap-1_comp_light.exr
  artifactKey: Guid(d379a07271e8309439cac6db7356eb65) Importer(815301076,1909f56bfc062723c751e8b465ee728b)
Start importing Assets/Scenes/TestScene/Lightmap-1_comp_light.exr using Guid(d379a07271e8309439cac6db7356eb65) Importer(815301076,1909f56bfc062723c751e8b465ee728b)  -> (artifact id: 'f3eb26aa3f1cefd14eb0858a3e522508') in 0.140358 seconds 
========================================================================
Received Import Request.
  Time since last request: 0.000036 seconds.
  path: Assets/Scenes/TestScene/Lightmap-3_comp_light.exr
  artifactKey: Guid(9a9d504a515e9cf47a878b7dc9563a3c) Importer(815301076,1909f56bfc062723c751e8b465ee728b)
Start importing Assets/Scenes/TestScene/Lightmap-3_comp_light.exr using Guid(9a9d504a515e9cf47a878b7dc9563a3c) Importer(815301076,1909f56bfc062723c751e8b465ee728b)  -> (artifact id: '6322c7e5c1821716c43de1ff46e69854') in 0.141640 seconds 
========================================================================
Received Import Request.
  Time since last request: 0.000047 seconds.
  path: Assets/Scenes/TestScene/Lightmap-3_comp_dir.png
  artifactKey: Guid(6d2715af0b6415a42b6eb65306d9725d) Importer(815301076,1909f56bfc062723c751e8b465ee728b)
Start importing Assets/Scenes/TestScene/Lightmap-3_comp_dir.png using Guid(6d2715af0b6415a42b6eb65306d9725d) Importer(815301076,1909f56bfc062723c751e8b465ee728b)  -> (artifact id: 'bab800165506a865a652bf32d85a86a9') in 0.196900 seconds 
========================================================================
Received Import Request.
  Time since last request: 0.000024 seconds.
  path: Assets/Scenes/TestScene/ReflectionProbe-0.exr
  artifactKey: Guid(bf26182f654c7554e867530126c7098a) Importer(815301076,1909f56bfc062723c751e8b465ee728b)
Start importing Assets/Scenes/TestScene/ReflectionProbe-0.exr using Guid(bf26182f654c7554e867530126c7098a) Importer(815301076,1909f56bfc062723c751e8b465ee728b)  -> (artifact id: 'd3137624d12c0d30cd66123b69cea491') in 0.137521 seconds 
========================================================================
Received Import Request.
  Time since last request: 0.000032 seconds.
  path: Assets/Scenes/TestScene/Lightmap-8_comp_dir.png
  artifactKey: Guid(f8aa01db20766de4ba78d94995fe0bea) Importer(815301076,1909f56bfc062723c751e8b465ee728b)
Start importing Assets/Scenes/TestScene/Lightmap-8_comp_dir.png using Guid(f8aa01db20766de4ba78d94995fe0bea) Importer(815301076,1909f56bfc062723c751e8b465ee728b)  -> (artifact id: 'c4665aa55d122ed3eeec6344feb11768') in 0.231448 seconds 
========================================================================
Received Import Request.
  Time since last request: 0.000024 seconds.
  path: Assets/Scenes/TestScene/Lightmap-16_comp_light.exr
  artifactKey: Guid(4bfd37198e86f7442b6fc9bc6dd3af48) Importer(815301076,1909f56bfc062723c751e8b465ee728b)
Start importing Assets/Scenes/TestScene/Lightmap-16_comp_light.exr using Guid(4bfd37198e86f7442b6fc9bc6dd3af48) Importer(815301076,1909f56bfc062723c751e8b465ee728b)  -> (artifact id: '42edc3d269d9d98128c13e8945c16fc6') in 0.187719 seconds 
========================================================================
Received Import Request.
  Time since last request: 0.000034 seconds.
  path: Assets/Scenes/TestScene/Lightmap-7_comp_dir.png
  artifactKey: Guid(6529696a417add641bfe468263319241) Importer(815301076,1909f56bfc062723c751e8b465ee728b)
Start importing Assets/Scenes/TestScene/Lightmap-7_comp_dir.png using Guid(6529696a417add641bfe468263319241) Importer(815301076,1909f56bfc062723c751e8b465ee728b)  -> (artifact id: 'f00b1605be7cf94bbf538deec8422ee7') in 0.196747 seconds 
========================================================================
Received Import Request.
  Time since last request: 0.000030 seconds.
  path: Assets/Scenes/TestScene/Lightmap-7_comp_light.exr
  artifactKey: Guid(6117bb8b83544dc4ea9755ef63c3d122) Importer(815301076,1909f56bfc062723c751e8b465ee728b)
Start importing Assets/Scenes/TestScene/Lightmap-7_comp_light.exr using Guid(6117bb8b83544dc4ea9755ef63c3d122) Importer(815301076,1909f56bfc062723c751e8b465ee728b)  -> (artifact id: 'e20eaa4d3a1ca30de5369e9c4f13a675') in 0.483808 seconds 
========================================================================
Received Import Request.
  Time since last request: 0.000037 seconds.
  path: Assets/Scenes/TestScene/Lightmap-12_comp_light.exr
  artifactKey: Guid(bf34a1aecff646643a1396fcf6868a09) Importer(815301076,1909f56bfc062723c751e8b465ee728b)
Start importing Assets/Scenes/TestScene/Lightmap-12_comp_light.exr using Guid(bf34a1aecff646643a1396fcf6868a09) Importer(815301076,1909f56bfc062723c751e8b465ee728b)  -> (artifact id: 'e68c971f4612aba3a9cbd2d3ae5c0c0a') in 0.300393 seconds 
========================================================================
Received Import Request.
  Time since last request: 0.000023 seconds.
  path: Assets/Scenes/TestScene/Lightmap-8_comp_light.exr
  artifactKey: Guid(2febdae89d046124f854286b16fbc8b6) Importer(815301076,1909f56bfc062723c751e8b465ee728b)
Start importing Assets/Scenes/TestScene/Lightmap-8_comp_light.exr using Guid(2febdae89d046124f854286b16fbc8b6) Importer(815301076,1909f56bfc062723c751e8b465ee728b)  -> (artifact id: '7c48b621cc6ef06bc8c0bb4b6ae53cad') in 0.330089 seconds 
Editor requested this worker to shutdown with reason: Scaling down because of idle timeout
AssetImportWorker is now disconnected from the server
Process exiting
Exiting without the bug reporter. Application will terminate with return code 0